<?xml version="1.0" encoding="UTF-8"?>
<testsuite xmlns:xsi="http://www.w3.org/2001/XMLSchema-instance" xsi:noNamespaceSchemaLocation="https://maven.apache.org/surefire/maven-surefire-plugin/xsd/surefire-test-report-3.0.xsd" version="3.0" name="atulab.ie.ghglamptst.AppTest" time="0.018" tests="4" errors="0" skipped="0" failures="0">
  <properties>
[...]
</properties>
  <testcase name="testSetUpCamp" classname="atulab.ie.ghglamptst.AppTest" time="0.005">
    <system-out><![CDATA[
You are setting up your camp...
Camp setup complete! +6 points.
]]></system-out>
  </testcase>
  <testcase name="testCookChicken" classname="atulab.ie.ghglamptst.AppTest" time="0.001">
    <system-out><![CDATA[
You are cooking a chicken...
Chicken cooked perfectly! +17 points.
]]></system-out>
  </testcase>
  <testcase name="testShowHelp" classname="atulab.ie.ghglamptst.AppTest" time="0.003">
    <system-out><![CDATA[
=== Help Menu ===
1. To set up camp, gather materials and choose a safe location.
2. To start a fire, use flint and wood, ensuring a safe environment.
3. To cook a chicken, ensure it's cooked thoroughly over the fire.
==================
]]></system-out>
  </testcase>
  <testcase name="testStartFire" classname="atulab.ie.ghglamptst.AppTest" time="0.001">
    <system-out><![CDATA[
You are starting a fire...
Fire started successfully! +7 points.
]]></system-out>
  </testcase>
</testsuite>